2014-10-03 22:59:29+0800 [-] Log opened.
2014-10-03 22:59:29+0800 [-] twistd 13.2.0 (/usr/bin/python 2.7.6) starting up.
2014-10-03 22:59:29+0800 [-] reactor class: twisted.internet.epollreactor.EPollReactor.
2014-10-03 22:59:30+0800 [-] PoetryServerFactory starting on 10000
2014-10-03 22:59:30+0800 [-] Starting factory <twisted.plugins.fasepoetry_plugin.PoetryServerFactory instance at 0x7f1edbebd050>
2014-10-03 22:59:30+0800 [-] Traceback (most recent call last):
2014-10-03 22:59:30+0800 [-]   File "/usr/bin/twistd", line 14, in <module>
2014-10-03 22:59:30+0800 [-]     run()
2014-10-03 22:59:30+0800 [-]   File "/usr/lib/python2.7/dist-packages/twisted/scripts/twistd.py", line 27, in run
2014-10-03 22:59:30+0800 [-]     app.run(runApp, ServerOptions)
2014-10-03 22:59:30+0800 [-]   File "/usr/lib/python2.7/dist-packages/twisted/application/app.py", line 642, in run
2014-10-03 22:59:30+0800 [-]     runApp(config)
2014-10-03 22:59:30+0800 [-]   File "/usr/lib/python2.7/dist-packages/twisted/scripts/twistd.py", line 23, in runApp
2014-10-03 22:59:30+0800 [-]     _SomeApplicationRunner(config).run()
2014-10-03 22:59:30+0800 [-]   File "/usr/lib/python2.7/dist-packages/twisted/application/app.py", line 380, in run
2014-10-03 22:59:30+0800 [-]     self.postApplication()
2014-10-03 22:59:30+0800 [-]   File "/usr/lib/python2.7/dist-packages/twisted/scripts/_twistd_unix.py", line 193, in postApplication
2014-10-03 22:59:30+0800 [-]     self.startApplication(self.application)
2014-10-03 22:59:30+0800 [-]   File "/usr/lib/python2.7/dist-packages/twisted/scripts/_twistd_unix.py", line 390, in startApplication
2014-10-03 22:59:30+0800 [-]     app.startApplication(application, not self.config['no_save'])
2014-10-03 22:59:30+0800 [-]   File "/usr/lib/python2.7/dist-packages/twisted/application/app.py", line 658, in startApplication
2014-10-03 22:59:30+0800 [-]     service.IService(application).startService()
2014-10-03 22:59:30+0800 [-]   File "/usr/lib/python2.7/dist-packages/twisted/application/service.py", line 282, in startService
2014-10-03 22:59:30+0800 [-]     service.startService()
2014-10-03 22:59:30+0800 [-]   File "/usr/lib/python2.7/dist-packages/twisted/application/service.py", line 282, in startService
2014-10-03 22:59:30+0800 [-]     service.startService()
2014-10-03 22:59:30+0800 [-]   File "/media/cqh/3A78D5B978D573DB/pycode/TwistedCode/twisted/plugins/fasepoetry_plugin.py", line 39, in startService
2014-10-03 22:59:30+0800 [-]     self.poem=open(self.poetry_file).read()
2014-10-03 22:59:30+0800 [-] IOError: [Errno 2] No such file or directory: 'poetry/sc.txt'
2014-10-03 23:00:20+0800 [-] Log opened.
2014-10-03 23:00:20+0800 [-] twistd 13.2.0 (/usr/bin/python 2.7.6) starting up.
2014-10-03 23:00:20+0800 [-] reactor class: twisted.internet.epollreactor.EPollReactor.
2014-10-03 23:00:20+0800 [-] PoetryServerFactory starting on 10000
2014-10-03 23:00:20+0800 [-] Starting factory <twisted.plugins.fasepoetry_plugin.PoetryServerFactory instance at 0x7f542cbf9050>
2014-10-03 23:00:20+0800 [-] loaded a poem from poetry/ec.txt
2014-10-03 23:00:57+0800 [-] Received SIGTERM, shutting down.
2014-10-03 23:00:57+0800 [-] (TCP Port 10000 Closed)
2014-10-03 23:00:57+0800 [-] Stopping factory <twisted.plugins.fasepoetry_plugin.PoetryServerFactory instance at 0x7f542cbf9050>
2014-10-03 23:00:57+0800 [-] Main loop terminated.
2014-10-03 23:00:57+0800 [-] Server Shut Down.
2014-10-03 23:21:30+0800 [-] Log opened.
2014-10-03 23:21:30+0800 [-] twistd 13.2.0 (/usr/bin/python 2.7.6) starting up.
2014-10-03 23:21:30+0800 [-] reactor class: twisted.internet.epollreactor.EPollReactor.
2014-10-03 23:21:30+0800 [-] PoetryServerFactory starting on 8080
2014-10-03 23:21:30+0800 [-] Starting factory <twisted.plugins.expoetry_plugin.PoetryServerFactory instance at 0x7f1ed295f098>
2014-10-03 23:21:30+0800 [-] load poetry from poetry/ec.txt
2014-10-03 23:22:12+0800 [-] Received SIGTERM, shutting down.
2014-10-03 23:22:12+0800 [-] (TCP Port 8080 Closed)
2014-10-03 23:22:12+0800 [-] Stopping factory <twisted.plugins.expoetry_plugin.PoetryServerFactory instance at 0x7f1ed295f098>
2014-10-03 23:22:12+0800 [-] Main loop terminated.
2014-10-03 23:22:12+0800 [-] Server Shut Down.
2014-10-03 23:22:15+0800 [-] Log opened.
2014-10-03 23:22:15+0800 [-] twistd 13.2.0 (/usr/bin/python 2.7.6) starting up.
2014-10-03 23:22:15+0800 [-] reactor class: twisted.internet.epollreactor.EPollReactor.
2014-10-03 23:22:15+0800 [-] PoetryServerFactory starting on 8080
2014-10-03 23:22:15+0800 [-] Starting factory <twisted.plugins.expoetry_plugin.PoetryServerFactory instance at 0x7f8cbec0a050>
2014-10-03 23:22:15+0800 [-] load poetry from poetry/ec.txt
2014-10-03 23:33:11+0800 [-] Received SIGTERM, shutting down.
2014-10-03 23:33:11+0800 [-] (TCP Port 8080 Closed)
2014-10-03 23:33:11+0800 [-] Stopping factory <twisted.plugins.expoetry_plugin.PoetryServerFactory instance at 0x7f8cbec0a050>
2014-10-03 23:33:11+0800 [-] Main loop terminated.
2014-10-03 23:33:11+0800 [-] Server Shut Down.
2014-10-03 23:33:13+0800 [-] Log opened.
2014-10-03 23:33:13+0800 [-] twistd 13.2.0 (/usr/bin/python 2.7.6) starting up.
2014-10-03 23:33:13+0800 [-] reactor class: twisted.internet.epollreactor.EPollReactor.
2014-10-03 23:33:13+0800 [-] PoetryServerFactory starting on 8080
2014-10-03 23:33:13+0800 [-] Starting factory <twisted.plugins.expoetry_plugin.PoetryServerFactory instance at 0x7f676e36d050>
2014-10-03 23:33:13+0800 [-] load poetry from poetry/ec.txt
2014-10-03 23:33:55+0800 [-] Received SIGTERM, shutting down.
2014-10-03 23:33:55+0800 [-] (TCP Port 8080 Closed)
2014-10-03 23:33:55+0800 [-] Stopping factory <twisted.plugins.expoetry_plugin.PoetryServerFactory instance at 0x7f676e36d050>
2014-10-03 23:33:55+0800 [-] Main loop terminated.
2014-10-03 23:33:55+0800 [-] Server Shut Down.
2014-10-03 23:34:24+0800 [-] Log opened.
2014-10-03 23:34:24+0800 [-] twistd 13.2.0 (/usr/bin/python 2.7.6) starting up.
2014-10-03 23:34:24+0800 [-] reactor class: twisted.internet.epollreactor.EPollReactor.
2014-10-03 23:34:24+0800 [-] PoetryServerFactory starting on 8080
2014-10-03 23:34:24+0800 [-] Starting factory <twisted.plugins.expoetry_plugin.PoetryServerFactory instance at 0x7f0e223110e0>
2014-10-03 23:34:24+0800 [-] load poetry from poetry/ec.txt
2014-10-03 23:35:05+0800 [-] Log opened.
2014-10-03 23:35:05+0800 [-] twistd 13.2.0 (/usr/bin/python 2.7.6) starting up.
2014-10-03 23:35:05+0800 [-] reactor class: twisted.internet.epollreactor.EPollReactor.
2014-10-03 23:35:05+0800 [-] PoetryServerFactory starting on 8080
2014-10-03 23:35:05+0800 [-] Starting factory <twisted.plugins.expoetry_plugin.PoetryServerFactory instance at 0x7f77385b6050>
2014-10-03 23:35:05+0800 [-] load poetry from poetry/ec.txt
2014-10-03 23:35:59+0800 [-] Log opened.
2014-10-03 23:35:59+0800 [-] twistd 13.2.0 (/usr/bin/python 2.7.6) starting up.
2014-10-03 23:35:59+0800 [-] reactor class: twisted.internet.epollreactor.EPollReactor.
2014-10-03 23:35:59+0800 [-] PoetryServerFactory starting on 8080
2014-10-03 23:35:59+0800 [-] Starting factory <twisted.plugins.expoetry_plugin.PoetryServerFactory instance at 0x7f4f75bb9050>
2014-10-03 23:35:59+0800 [-] load poetry from poetry/ec.txt
2014-10-03 23:43:08+0800 [-] Log opened.
2014-10-03 23:43:08+0800 [-] twistd 13.2.0 (/usr/bin/python 2.7.6) starting up.
2014-10-03 23:43:08+0800 [-] reactor class: twisted.internet.epollreactor.EPollReactor.
2014-10-03 23:43:08+0800 [-] PoetryServerFactory starting on 8080
2014-10-03 23:43:08+0800 [-] Starting factory <twisted.plugins.expoetry_plugin.PoetryServerFactory instance at 0x7f813fc32050>
2014-10-03 23:43:08+0800 [-] load poetry from poetry/ec.txt
2014-10-03 23:57:00+0800 [-] Received SIGTERM, shutting down.
2014-10-03 23:57:00+0800 [-] (TCP Port 8080 Closed)
2014-10-03 23:57:00+0800 [-] Stopping factory <twisted.plugins.expoetry_plugin.PoetryServerFactory instance at 0x7f813fc32050>
2014-10-03 23:57:00+0800 [-] Main loop terminated.
2014-10-03 23:57:00+0800 [-] Server Shut Down.
2014-10-03 23:57:02+0800 [-] Log opened.
2014-10-03 23:57:02+0800 [-] twistd 13.2.0 (/usr/bin/python 2.7.6) starting up.
2014-10-03 23:57:02+0800 [-] reactor class: twisted.internet.epollreactor.EPollReactor.
2014-10-03 23:57:02+0800 [-] PoetryServerFactory starting on 8080
2014-10-03 23:57:02+0800 [-] Starting factory <twisted.plugins.expoetry_plugin.PoetryServerFactory instance at 0x7f17e4d5cdd0>
2014-10-03 23:57:02+0800 [-] load poetry from poetry/ec.txt
2014-10-04 00:06:42+0800 [-] Log opened.
2014-10-04 00:06:42+0800 [-] twistd 13.2.0 (/usr/bin/python 2.7.6) starting up.
2014-10-04 00:06:42+0800 [-] reactor class: twisted.internet.epollreactor.EPollReactor.
2014-10-04 00:06:42+0800 [-] PoetryServerFactory starting on 8080
2014-10-04 00:06:42+0800 [-] Starting factory <twisted.plugins.expoetry_plugin.PoetryServerFactory instance at 0x7f53d9351e18>
2014-10-04 00:06:42+0800 [-] load poetry from poetry/ec.txt
2014-10-04 00:26:03+0800 [-] Log opened.
2014-10-04 00:26:03+0800 [-] twistd 13.2.0 (/usr/bin/python 2.7.6) starting up.
2014-10-04 00:26:03+0800 [-] reactor class: twisted.internet.epollreactor.EPollReactor.
2014-10-04 00:26:03+0800 [-] Traceback (most recent call last):
2014-10-04 00:26:03+0800 [-]   File "/usr/bin/twistd", line 14, in <module>
2014-10-04 00:26:03+0800 [-]     run()
2014-10-04 00:26:03+0800 [-]   File "/usr/lib/python2.7/dist-packages/twisted/scripts/twistd.py", line 27, in run
2014-10-04 00:26:03+0800 [-]     app.run(runApp, ServerOptions)
2014-10-04 00:26:03+0800 [-]   File "/usr/lib/python2.7/dist-packages/twisted/application/app.py", line 642, in run
2014-10-04 00:26:03+0800 [-]     runApp(config)
2014-10-04 00:26:03+0800 [-]   File "/usr/lib/python2.7/dist-packages/twisted/scripts/twistd.py", line 23, in runApp
2014-10-04 00:26:03+0800 [-]     _SomeApplicationRunner(config).run()
2014-10-04 00:26:03+0800 [-]   File "/usr/lib/python2.7/dist-packages/twisted/application/app.py", line 380, in run
2014-10-04 00:26:03+0800 [-]     self.postApplication()
2014-10-04 00:26:03+0800 [-]   File "/usr/lib/python2.7/dist-packages/twisted/scripts/_twistd_unix.py", line 193, in postApplication
2014-10-04 00:26:03+0800 [-]     self.startApplication(self.application)
2014-10-04 00:26:03+0800 [-]   File "/usr/lib/python2.7/dist-packages/twisted/scripts/_twistd_unix.py", line 381, in startApplication
2014-10-04 00:26:03+0800 [-]     service.IService(application).privilegedStartService()
2014-10-04 00:26:03+0800 [-]   File "/usr/lib/python2.7/dist-packages/twisted/application/service.py", line 277, in privilegedStartService
2014-10-04 00:26:03+0800 [-]     service.privilegedStartService()
2014-10-04 00:26:03+0800 [-]   File "/usr/lib/python2.7/dist-packages/twisted/application/service.py", line 277, in privilegedStartService
2014-10-04 00:26:03+0800 [-]     service.privilegedStartService()
2014-10-04 00:26:03+0800 [-]   File "/usr/lib/python2.7/dist-packages/twisted/application/internet.py", line 105, in privilegedStartService
2014-10-04 00:26:03+0800 [-]     self._port = self._getPort()
2014-10-04 00:26:03+0800 [-]   File "/usr/lib/python2.7/dist-packages/twisted/application/internet.py", line 133, in _getPort
2014-10-04 00:26:03+0800 [-]     'listen%s' % (self.method,))(*self.args, **self.kwargs)
2014-10-04 00:26:03+0800 [-]   File "/usr/lib/python2.7/dist-packages/twisted/internet/posixbase.py", line 495, in listenTCP
2014-10-04 00:26:03+0800 [-]     p.startListening()
2014-10-04 00:26:03+0800 [-]   File "/usr/lib/python2.7/dist-packages/twisted/internet/tcp.py", line 978, in startListening
2014-10-04 00:26:03+0800 [-]     skt.bind(addr)
2014-10-04 00:26:03+0800 [-]   File "/usr/lib/python2.7/socket.py", line 224, in meth
2014-10-04 00:26:03+0800 [-]     return getattr(self._sock,name)(*args)
2014-10-04 00:26:03+0800 [-] TypeError: an integer is required
2014-10-04 00:30:52+0800 [-] Log opened.
2014-10-04 00:30:52+0800 [-] twistd 13.2.0 (/usr/bin/python 2.7.6) starting up.
2014-10-04 00:30:52+0800 [-] reactor class: twisted.internet.epollreactor.EPollReactor.
2014-10-04 00:30:52+0800 [-] Traceback (most recent call last):
2014-10-04 00:30:52+0800 [-]   File "/usr/bin/twistd", line 14, in <module>
2014-10-04 00:30:52+0800 [-]     run()
2014-10-04 00:30:52+0800 [-]   File "/usr/lib/python2.7/dist-packages/twisted/scripts/twistd.py", line 27, in run
2014-10-04 00:30:52+0800 [-]     app.run(runApp, ServerOptions)
2014-10-04 00:30:52+0800 [-]   File "/usr/lib/python2.7/dist-packages/twisted/application/app.py", line 642, in run
2014-10-04 00:30:52+0800 [-]     runApp(config)
2014-10-04 00:30:52+0800 [-]   File "/usr/lib/python2.7/dist-packages/twisted/scripts/twistd.py", line 23, in runApp
2014-10-04 00:30:52+0800 [-]     _SomeApplicationRunner(config).run()
2014-10-04 00:30:52+0800 [-]   File "/usr/lib/python2.7/dist-packages/twisted/application/app.py", line 380, in run
2014-10-04 00:30:52+0800 [-]     self.postApplication()
2014-10-04 00:30:52+0800 [-]   File "/usr/lib/python2.7/dist-packages/twisted/scripts/_twistd_unix.py", line 193, in postApplication
2014-10-04 00:30:52+0800 [-]     self.startApplication(self.application)
2014-10-04 00:30:52+0800 [-]   File "/usr/lib/python2.7/dist-packages/twisted/scripts/_twistd_unix.py", line 381, in startApplication
2014-10-04 00:30:52+0800 [-]     service.IService(application).privilegedStartService()
2014-10-04 00:30:52+0800 [-]   File "/usr/lib/python2.7/dist-packages/twisted/application/service.py", line 277, in privilegedStartService
2014-10-04 00:30:52+0800 [-]     service.privilegedStartService()
2014-10-04 00:30:52+0800 [-]   File "/usr/lib/python2.7/dist-packages/twisted/application/service.py", line 277, in privilegedStartService
2014-10-04 00:30:52+0800 [-]     service.privilegedStartService()
2014-10-04 00:30:52+0800 [-]   File "/usr/lib/python2.7/dist-packages/twisted/application/internet.py", line 105, in privilegedStartService
2014-10-04 00:30:52+0800 [-]     self._port = self._getPort()
2014-10-04 00:30:52+0800 [-]   File "/usr/lib/python2.7/dist-packages/twisted/application/internet.py", line 133, in _getPort
2014-10-04 00:30:52+0800 [-]     'listen%s' % (self.method,))(*self.args, **self.kwargs)
2014-10-04 00:30:52+0800 [-]   File "/usr/lib/python2.7/dist-packages/twisted/internet/posixbase.py", line 495, in listenTCP
2014-10-04 00:30:52+0800 [-]     p.startListening()
2014-10-04 00:30:52+0800 [-]   File "/usr/lib/python2.7/dist-packages/twisted/internet/tcp.py", line 978, in startListening
2014-10-04 00:30:52+0800 [-]     skt.bind(addr)
2014-10-04 00:30:52+0800 [-]   File "/usr/lib/python2.7/socket.py", line 224, in meth
2014-10-04 00:30:53+0800 [-]     return getattr(self._sock,name)(*args)
2014-10-04 00:30:53+0800 [-] TypeError: an integer is required
2014-10-04 00:32:31+0800 [-] Log opened.
2014-10-04 00:32:31+0800 [-] twistd 13.2.0 (/usr/bin/python 2.7.6) starting up.
2014-10-04 00:32:31+0800 [-] reactor class: twisted.internet.epollreactor.EPollReactor.
2014-10-04 00:32:31+0800 [-] Traceback (most recent call last):
2014-10-04 00:32:31+0800 [-]   File "/usr/bin/twistd", line 14, in <module>
2014-10-04 00:32:31+0800 [-]     run()
2014-10-04 00:32:31+0800 [-]   File "/usr/lib/python2.7/dist-packages/twisted/scripts/twistd.py", line 27, in run
2014-10-04 00:32:31+0800 [-]     app.run(runApp, ServerOptions)
2014-10-04 00:32:31+0800 [-]   File "/usr/lib/python2.7/dist-packages/twisted/application/app.py", line 642, in run
2014-10-04 00:32:31+0800 [-]     runApp(config)
2014-10-04 00:32:31+0800 [-]   File "/usr/lib/python2.7/dist-packages/twisted/scripts/twistd.py", line 23, in runApp
2014-10-04 00:32:31+0800 [-]     _SomeApplicationRunner(config).run()
2014-10-04 00:32:31+0800 [-]   File "/usr/lib/python2.7/dist-packages/twisted/application/app.py", line 380, in run
2014-10-04 00:32:31+0800 [-]     self.postApplication()
2014-10-04 00:32:31+0800 [-]   File "/usr/lib/python2.7/dist-packages/twisted/scripts/_twistd_unix.py", line 193, in postApplication
2014-10-04 00:32:31+0800 [-]     self.startApplication(self.application)
2014-10-04 00:32:31+0800 [-]   File "/usr/lib/python2.7/dist-packages/twisted/scripts/_twistd_unix.py", line 381, in startApplication
2014-10-04 00:32:31+0800 [-]     service.IService(application).privilegedStartService()
2014-10-04 00:32:31+0800 [-]   File "/usr/lib/python2.7/dist-packages/twisted/application/service.py", line 277, in privilegedStartService
2014-10-04 00:32:31+0800 [-]     service.privilegedStartService()
2014-10-04 00:32:31+0800 [-]   File "/usr/lib/python2.7/dist-packages/twisted/application/service.py", line 277, in privilegedStartService
2014-10-04 00:32:31+0800 [-]     service.privilegedStartService()
2014-10-04 00:32:31+0800 [-]   File "/usr/lib/python2.7/dist-packages/twisted/application/internet.py", line 105, in privilegedStartService
2014-10-04 00:32:31+0800 [-]     self._port = self._getPort()
2014-10-04 00:32:31+0800 [-]   File "/usr/lib/python2.7/dist-packages/twisted/application/internet.py", line 133, in _getPort
2014-10-04 00:32:31+0800 [-]     'listen%s' % (self.method,))(*self.args, **self.kwargs)
2014-10-04 00:32:31+0800 [-]   File "/usr/lib/python2.7/dist-packages/twisted/internet/posixbase.py", line 495, in listenTCP
2014-10-04 00:32:31+0800 [-]     p.startListening()
2014-10-04 00:32:31+0800 [-]   File "/usr/lib/python2.7/dist-packages/twisted/internet/tcp.py", line 978, in startListening
2014-10-04 00:32:31+0800 [-]     skt.bind(addr)
2014-10-04 00:32:31+0800 [-]   File "/usr/lib/python2.7/socket.py", line 224, in meth
2014-10-04 00:32:31+0800 [-]     return getattr(self._sock,name)(*args)
2014-10-04 00:32:31+0800 [-] TypeError: an integer is required
2014-10-04 00:32:52+0800 [-] Log opened.
2014-10-04 00:32:52+0800 [-] twistd 13.2.0 (/usr/bin/python 2.7.6) starting up.
2014-10-04 00:32:52+0800 [-] reactor class: twisted.internet.epollreactor.EPollReactor.
2014-10-04 00:32:52+0800 [-] Traceback (most recent call last):
2014-10-04 00:32:52+0800 [-]   File "/usr/bin/twistd", line 14, in <module>
2014-10-04 00:32:52+0800 [-]     run()
2014-10-04 00:32:52+0800 [-]   File "/usr/lib/python2.7/dist-packages/twisted/scripts/twistd.py", line 27, in run
2014-10-04 00:32:52+0800 [-]     app.run(runApp, ServerOptions)
2014-10-04 00:32:52+0800 [-]   File "/usr/lib/python2.7/dist-packages/twisted/application/app.py", line 642, in run
2014-10-04 00:32:52+0800 [-]     runApp(config)
2014-10-04 00:32:52+0800 [-]   File "/usr/lib/python2.7/dist-packages/twisted/scripts/twistd.py", line 23, in runApp
2014-10-04 00:32:52+0800 [-]     _SomeApplicationRunner(config).run()
2014-10-04 00:32:52+0800 [-]   File "/usr/lib/python2.7/dist-packages/twisted/application/app.py", line 380, in run
2014-10-04 00:32:52+0800 [-]     self.postApplication()
2014-10-04 00:32:52+0800 [-]   File "/usr/lib/python2.7/dist-packages/twisted/scripts/_twistd_unix.py", line 193, in postApplication
2014-10-04 00:32:52+0800 [-]     self.startApplication(self.application)
2014-10-04 00:32:52+0800 [-]   File "/usr/lib/python2.7/dist-packages/twisted/scripts/_twistd_unix.py", line 381, in startApplication
2014-10-04 00:32:52+0800 [-]     service.IService(application).privilegedStartService()
2014-10-04 00:32:52+0800 [-]   File "/usr/lib/python2.7/dist-packages/twisted/application/service.py", line 277, in privilegedStartService
2014-10-04 00:32:52+0800 [-]     service.privilegedStartService()
2014-10-04 00:32:52+0800 [-]   File "/usr/lib/python2.7/dist-packages/twisted/application/service.py", line 277, in privilegedStartService
2014-10-04 00:32:52+0800 [-]     service.privilegedStartService()
2014-10-04 00:32:52+0800 [-]   File "/usr/lib/python2.7/dist-packages/twisted/application/internet.py", line 105, in privilegedStartService
2014-10-04 00:32:52+0800 [-]     self._port = self._getPort()
2014-10-04 00:32:52+0800 [-]   File "/usr/lib/python2.7/dist-packages/twisted/application/internet.py", line 133, in _getPort
2014-10-04 00:32:52+0800 [-]     'listen%s' % (self.method,))(*self.args, **self.kwargs)
2014-10-04 00:32:52+0800 [-]   File "/usr/lib/python2.7/dist-packages/twisted/internet/posixbase.py", line 495, in listenTCP
2014-10-04 00:32:52+0800 [-]     p.startListening()
2014-10-04 00:32:52+0800 [-]   File "/usr/lib/python2.7/dist-packages/twisted/internet/tcp.py", line 978, in startListening
2014-10-04 00:32:52+0800 [-]     skt.bind(addr)
2014-10-04 00:32:52+0800 [-]   File "/usr/lib/python2.7/socket.py", line 224, in meth
2014-10-04 00:32:52+0800 [-]     return getattr(self._sock,name)(*args)
2014-10-04 00:32:52+0800 [-] TypeError: an integer is required
2014-10-04 00:33:29+0800 [-] Log opened.
2014-10-04 00:33:29+0800 [-] twistd 13.2.0 (/usr/bin/python 2.7.6) starting up.
2014-10-04 00:33:29+0800 [-] reactor class: twisted.internet.epollreactor.EPollReactor.
2014-10-04 00:33:49+0800 [-] Traceback (most recent call last):
2014-10-04 00:33:49+0800 [-]   File "/usr/bin/twistd", line 14, in <module>
2014-10-04 00:33:49+0800 [-]     run()
2014-10-04 00:33:49+0800 [-]   File "/usr/lib/python2.7/dist-packages/twisted/scripts/twistd.py", line 27, in run
2014-10-04 00:33:49+0800 [-]     app.run(runApp, ServerOptions)
2014-10-04 00:33:49+0800 [-]   File "/usr/lib/python2.7/dist-packages/twisted/application/app.py", line 642, in run
2014-10-04 00:33:49+0800 [-]     runApp(config)
2014-10-04 00:33:49+0800 [-]   File "/usr/lib/python2.7/dist-packages/twisted/scripts/twistd.py", line 23, in runApp
2014-10-04 00:33:49+0800 [-]     _SomeApplicationRunner(config).run()
2014-10-04 00:33:49+0800 [-]   File "/usr/lib/python2.7/dist-packages/twisted/application/app.py", line 380, in run
2014-10-04 00:33:49+0800 [-]     self.postApplication()
2014-10-04 00:33:49+0800 [-]   File "/usr/lib/python2.7/dist-packages/twisted/scripts/_twistd_unix.py", line 193, in postApplication
2014-10-04 00:33:49+0800 [-]     self.startApplication(self.application)
2014-10-04 00:33:49+0800 [-]   File "/usr/lib/python2.7/dist-packages/twisted/scripts/_twistd_unix.py", line 381, in startApplication
2014-10-04 00:33:49+0800 [-]     service.IService(application).privilegedStartService()
2014-10-04 00:33:49+0800 [-]   File "/usr/lib/python2.7/dist-packages/twisted/application/service.py", line 277, in privilegedStartService
2014-10-04 00:33:49+0800 [-]     service.privilegedStartService()
2014-10-04 00:33:49+0800 [-]   File "/usr/lib/python2.7/dist-packages/twisted/application/service.py", line 277, in privilegedStartService
2014-10-04 00:33:49+0800 [-]     service.privilegedStartService()
2014-10-04 00:33:49+0800 [-]   File "/usr/lib/python2.7/dist-packages/twisted/application/internet.py", line 105, in privilegedStartService
2014-10-04 00:33:49+0800 [-]     self._port = self._getPort()
2014-10-04 00:33:49+0800 [-]   File "/usr/lib/python2.7/dist-packages/twisted/application/internet.py", line 133, in _getPort
2014-10-04 00:33:49+0800 [-]     'listen%s' % (self.method,))(*self.args, **self.kwargs)
2014-10-04 00:33:49+0800 [-]   File "/usr/lib/python2.7/dist-packages/twisted/internet/posixbase.py", line 495, in listenTCP
2014-10-04 00:33:49+0800 [-]     p.startListening()
2014-10-04 00:33:49+0800 [-]   File "/usr/lib/python2.7/dist-packages/twisted/internet/tcp.py", line 980, in startListening
2014-10-04 00:33:49+0800 [-]     raise CannotListenError(self.interface, self.port, le)
2014-10-04 00:33:49+0800 [-] twisted.internet.error.CannotListenError: Couldn't listen on poetry/ec.txt:8080: [Errno -3] Temporary failure in name resolution.
2014-10-04 00:33:57+0800 [-] Log opened.
2014-10-04 00:33:57+0800 [-] twistd 13.2.0 (/usr/bin/python 2.7.6) starting up.
2014-10-04 00:33:57+0800 [-] reactor class: twisted.internet.epollreactor.EPollReactor.
2014-10-04 00:34:17+0800 [-] Traceback (most recent call last):
2014-10-04 00:34:17+0800 [-]   File "/usr/bin/twistd", line 14, in <module>
2014-10-04 00:34:17+0800 [-]     run()
2014-10-04 00:34:17+0800 [-]   File "/usr/lib/python2.7/dist-packages/twisted/scripts/twistd.py", line 27, in run
2014-10-04 00:34:17+0800 [-]     app.run(runApp, ServerOptions)
2014-10-04 00:34:17+0800 [-]   File "/usr/lib/python2.7/dist-packages/twisted/application/app.py", line 642, in run
2014-10-04 00:34:17+0800 [-]     runApp(config)
2014-10-04 00:34:17+0800 [-]   File "/usr/lib/python2.7/dist-packages/twisted/scripts/twistd.py", line 23, in runApp
2014-10-04 00:34:17+0800 [-]     _SomeApplicationRunner(config).run()
2014-10-04 00:34:17+0800 [-]   File "/usr/lib/python2.7/dist-packages/twisted/application/app.py", line 380, in run
2014-10-04 00:34:17+0800 [-]     self.postApplication()
2014-10-04 00:34:17+0800 [-]   File "/usr/lib/python2.7/dist-packages/twisted/scripts/_twistd_unix.py", line 193, in postApplication
2014-10-04 00:34:17+0800 [-]     self.startApplication(self.application)
2014-10-04 00:34:17+0800 [-]   File "/usr/lib/python2.7/dist-packages/twisted/scripts/_twistd_unix.py", line 381, in startApplication
2014-10-04 00:34:17+0800 [-]     service.IService(application).privilegedStartService()
2014-10-04 00:34:17+0800 [-]   File "/usr/lib/python2.7/dist-packages/twisted/application/service.py", line 277, in privilegedStartService
2014-10-04 00:34:17+0800 [-]     service.privilegedStartService()
2014-10-04 00:34:17+0800 [-]   File "/usr/lib/python2.7/dist-packages/twisted/application/service.py", line 277, in privilegedStartService
2014-10-04 00:34:17+0800 [-]     service.privilegedStartService()
2014-10-04 00:34:17+0800 [-]   File "/usr/lib/python2.7/dist-packages/twisted/application/internet.py", line 105, in privilegedStartService
2014-10-04 00:34:17+0800 [-]     self._port = self._getPort()
2014-10-04 00:34:17+0800 [-]   File "/usr/lib/python2.7/dist-packages/twisted/application/internet.py", line 133, in _getPort
2014-10-04 00:34:17+0800 [-]     'listen%s' % (self.method,))(*self.args, **self.kwargs)
2014-10-04 00:34:17+0800 [-]   File "/usr/lib/python2.7/dist-packages/twisted/internet/posixbase.py", line 495, in listenTCP
2014-10-04 00:34:17+0800 [-]     p.startListening()
2014-10-04 00:34:17+0800 [-]   File "/usr/lib/python2.7/dist-packages/twisted/internet/tcp.py", line 980, in startListening
2014-10-04 00:34:17+0800 [-]     raise CannotListenError(self.interface, self.port, le)
2014-10-04 00:34:17+0800 [-] twisted.internet.error.CannotListenError: Couldn't listen on poetry/ec.txt:8080: [Errno -3] Temporary failure in name resolution.
2014-10-04 00:34:51+0800 [-] Log opened.
2014-10-04 00:34:51+0800 [-] twistd 13.2.0 (/usr/bin/python 2.7.6) starting up.
2014-10-04 00:34:51+0800 [-] reactor class: twisted.internet.epollreactor.EPollReactor.
2014-10-04 00:34:51+0800 [-] PoetryServerFactory starting on 8080
2014-10-04 00:34:51+0800 [-] Starting factory <twisted.plugins.expoetry_plugin.PoetryServerFactory instance at 0x7f6cd7280e60>
2014-10-04 00:34:51+0800 [-] PoetryServerFactory starting on 10000
2014-10-04 00:34:51+0800 [-] Starting factory <twisted.plugins.expoetry_plugin.PoetryServerFactory instance at 0x7f6cd7280f38>
2014-10-04 00:34:51+0800 [-] load poetry from poetry/ec.txt
2014-10-04 00:34:51+0800 [-] load poetry from poetry/ec.txt
2014-10-04 00:35:05+0800 [twisted.plugins.expoetry_plugin.PoetryServerFactory] send 3001 bytes to IPv4Address(TCP, '127.0.0.1', 54828)
2014-10-04 00:35:12+0800 [twisted.plugins.expoetry_plugin.PoetryServerFactory] send 3001 bytes to IPv4Address(TCP, '127.0.0.1', 55806)
2014-10-04 00:35:17+0800 [twisted.plugins.expoetry_plugin.PoetryServerFactory] send 3001 bytes to IPv4Address(TCP, '127.0.0.1', 55808)
2014-10-04 00:35:20+0800 [twisted.plugins.expoetry_plugin.PoetryServerFactory] send 3001 bytes to IPv4Address(TCP, '127.0.0.1', 54832)
2014-10-04 00:46:35+0800 [-] Log opened.
2014-10-04 00:46:35+0800 [-] twistd 13.2.0 (/usr/bin/python 2.7.6) starting up.
2014-10-04 00:46:35+0800 [-] reactor class: twisted.internet.epollreactor.EPollReactor.
2014-10-04 00:46:35+0800 [-] PoetryServerFactory starting on 8080
2014-10-04 00:46:35+0800 [-] Starting factory <twisted.plugins.expoetry_plugin.PoetryServerFactory instance at 0x7f1d6a752e60>
2014-10-04 00:46:35+0800 [-] PoetryServerFactory starting on 10000
2014-10-04 00:46:35+0800 [-] Starting factory <twisted.plugins.expoetry_plugin.PoetryServerFactory instance at 0x7f1d6a752f38>
2014-10-04 00:46:35+0800 [-] load poetry from poetry/ec.txt
2014-10-04 00:46:35+0800 [-] load poetry from poetry/ec.txt
